Building DAG of jobs...
Using shell: /bin/bash
Provided cores: 2
Rules claiming more threads will be scaled down.
Job counts:
	count	jobs
	1	blastp
	1

[Tue Jan 12 17:22:38 2021]
rule blastp:
    input: /cta/users/eakkoyun/WORKFOLDER/phylogeny-workflow/resources/msa_files/P22033.fasta, /cta/users/eakkoyun/WORKFOLDER/phylogeny-workflow/resources/blastdb/all_eu.fasta
    output: /cta/users/eakkoyun/WORKFOLDER/phylogeny-workflow/results/P22033/1_blastp/P22033_blasthits.out
    log: /cta/users/eakkoyun/WORKFOLDER/phylogeny-workflow/workflow/logs/rules/P22033_blastp.err
    jobid: 0
    benchmark: /cta/users/eakkoyun/WORKFOLDER/phylogeny-workflow/workflow/logs/benchmarks/P22033_blastp.out
    wildcards: output_folder=/cta/users/eakkoyun/WORKFOLDER/phylogeny-workflow, msa_name=P22033
    resources: cpus=2, mem_mb=8192, time_min=1200

Activating conda environment: /cta/users/eakkoyun/WORKFOLDER/phylogeny-workflow/workflow/.snakemake/conda/e9bf2130
[Tue Jan 12 17:25:56 2021]
Finished job 0.
1 of 1 steps (100%) done
