
RAxML-NG v. 0.9.0 released on 20.05.2019 by The Exelixis Lab.
Developed by: Alexey M. Kozlov and Alexandros Stamatakis.
Contributors: Diego Darriba, Tomas Flouri, Benoit Morel, Sarah Lutteropp, Ben Bettisworth.
Latest version: https://github.com/amkozlov/raxml-ng
Questions/problems/suggestions? Please visit: https://groups.google.com/forum/#!forum/raxml

RAxML-NG was called at 12-Jan-2021 17:28:12 as follows:

raxml-ng --msa /cta/users/eakkoyun/WORKFOLDER/phylogeny-workflow/results/P68871/2_msa/P68871_trimmed_msa.fasta --data-type AA --model LG4M --prefix /cta/users/eakkoyun/WORKFOLDER/phylogeny-workflow/results/P68871/3_mltree/P68871 --seed 2 --threads 12

Analysis options:
  run mode: ML tree search
  start tree(s): random (10) + parsimony (10)
  random seed: 2
  tip-inner: OFF
  pattern compression: ON
  per-rate scalers: OFF
  site repeats: ON
  fast spr radius: AUTO
  spr subtree cutoff: 1.000000
  branch lengths: proportional (ML estimate, algorithm: NR-FAST)
  SIMD kernels: AVX2
  parallelization: PTHREADS (12 threads), thread pinning: OFF

[00:00:00] Reading alignment from file: /cta/users/eakkoyun/WORKFOLDER/phylogeny-workflow/results/P68871/2_msa/P68871_trimmed_msa.fasta
[00:00:00] Loaded alignment with 186 taxa and 147 sites

WARNING: Sequences tr_G1S6C6_G1S6C6_NOMLE_61853 and sp_P61773_HBD_GORGO_9595 are exactly identical!
WARNING: Sequences tr_G1S6C6_G1S6C6_NOMLE_61853 and sp_P61772_HBD_PANTR_9598 are exactly identical!
WARNING: Sequences tr_G1S6C6_G1S6C6_NOMLE_61853 and tr_A0A2R9AC19_A0A2R9AC19_PANPA_9597 are exactly identical!
WARNING: Sequences sp_P62742_HBG2_GORGO_9595 and sp_P61921_HBG2_PANTR_9598 are exactly identical!
WARNING: Sequences sp_P62742_HBG2_GORGO_9595 and sp_P69892_HBG2_HUMAN_9606 are exactly identical!
WARNING: Sequences sp_Q6LDH0_HBE_GORGO_9595 and sp_Q6LDH1_HBE_PANTR_9598 are exactly identical!
WARNING: Sequences sp_Q6LDH0_HBE_GORGO_9595 and sp_P02100_HBE_HUMAN_9606 are exactly identical!
WARNING: Sequences sp_Q6LDH0_HBE_GORGO_9595 and tr_A0A2R9BP35_A0A2R9BP35_PANPA_9597 are exactly identical!
WARNING: Sequences tr_G1TPE2_G1TPE2_RABIT_9986 and sp_P02103_HBE_RABIT_9986 are exactly identical!
WARNING: Sequences tr_H2R5L8_H2R5L8_PANTR_9598 and sp_Q28779_HBG1_PANPA_9597 are exactly identical!
WARNING: Sequences sp_P61920_HBG1_PANTR_9598 and sp_P69891_HBG1_HUMAN_9606 are exactly identical!
WARNING: Sequences sp_P68077_HBG_MACMU_9544 and tr_A9L8Y0_A9L8Y0_PAPAN_9555 are exactly identical!
WARNING: Sequences tr_F6WIM6_F6WIM6_CALJA_9483 and sp_Q9GJS7_HBG_CALJA_9483 are exactly identical!
WARNING: Sequences tr_A0A1U7TAR4_A0A1U7TAR4_TARSY_1868482 and sp_P13558_HBD_TARSY_1868482 are exactly identical!
WARNING: Sequences tr_A0A1U7TD49_A0A1U7TD49_TARSY_1868482 and sp_P13557_HBB_TARSY_1868482 are exactly identical!
WARNING: Sequences tr_A0A2K5KYI6_A0A2K5KYI6_CERAT_9531 and tr_A0A2K5YN23_A0A2K5YN23_MANLE_9568 are exactly identical!
WARNING: Duplicate sequences found: 16

NOTE: Reduced alignment (with duplicates and gap-only sites/taxa removed) 
NOTE: was saved to: /cta/users/eakkoyun/WORKFOLDER/phylogeny-workflow/results/P68871/3_mltree/P68871.raxml.reduced.phy

Alignment comprises 1 partitions and 136 patterns

Partition 0: noname
Model: LG4M+G4m
Alignment sites / patterns: 147 / 136
Gaps: 0.18 %
Invariant sites: 19.73 %


NOTE: Binary MSA file created: /cta/users/eakkoyun/WORKFOLDER/phylogeny-workflow/results/P68871/3_mltree/P68871.raxml.rba


WARNING: You might be using too many threads (12) for your alignment with 136 unique patterns.
NOTE:    For the optimal throughput, please consider using fewer threads 
NOTE:    and parallelize across starting trees/bootstrap replicates.
NOTE:    As a general rule-of-thumb, please assign at least 200-1000 alignment patterns per thread.

[00:00:00] Generating 10 random starting tree(s) with 186 taxa
[00:00:00] Generating 10 parsimony starting tree(s) with 186 taxa
[00:00:00] Data distribution: max. partitions/sites/weight per thread: 1 / 12 / 960

Starting ML tree search with 20 distinct starting trees

[00:00:00 -19756.912374] Initial branch length optimization
[00:00:00 -17558.364077] Model parameter optimization (eps = 10.000000)
[00:00:00 -17485.870296] AUTODETECT spr round 1 (radius: 5)
[00:00:03 -11767.337767] AUTODETECT spr round 2 (radius: 10)
[00:00:06 -8702.033847] AUTODETECT spr round 3 (radius: 15)
[00:00:10 -8530.131355] AUTODETECT spr round 4 (radius: 20)
[00:00:14 -8528.449649] AUTODETECT spr round 5 (radius: 25)
[00:00:18 -8528.423937] SPR radius for FAST iterations: 20 (autodetect)
[00:00:18 -8528.423937] Model parameter optimization (eps = 3.000000)
[00:00:18 -8516.401959] FAST spr round 1 (radius: 20)
[00:00:22 -8000.052577] FAST spr round 2 (radius: 20)
[00:00:25 -7962.207524] FAST spr round 3 (radius: 20)
[00:00:28 -7958.472577] FAST spr round 4 (radius: 20)
[00:00:31 -7955.846636] FAST spr round 5 (radius: 20)
[00:00:33 -7955.056872] FAST spr round 6 (radius: 20)
[00:00:36 -7955.056849] Model parameter optimization (eps = 1.000000)
[00:00:36 -7954.258457] SLOW spr round 1 (radius: 5)
[00:00:42 -7953.236399] SLOW spr round 2 (radius: 5)
[00:00:47 -7953.235589] SLOW spr round 3 (radius: 10)
[00:00:51 -7950.175266] SLOW spr round 4 (radius: 5)
[00:00:58 -7948.840803] SLOW spr round 5 (radius: 5)
[00:01:03 -7948.840784] SLOW spr round 6 (radius: 10)
[00:01:08 -7948.840784] SLOW spr round 7 (radius: 15)
[00:01:14 -7948.840784] SLOW spr round 8 (radius: 20)
[00:01:21 -7948.840784] SLOW spr round 9 (radius: 25)
[00:01:27 -7948.840784] Model parameter optimization (eps = 0.100000)

[00:01:27] ML tree search #1, logLikelihood: -7948.818909

[00:01:27 -19826.062253] Initial branch length optimization
[00:01:27 -17621.153715] Model parameter optimization (eps = 10.000000)
[00:01:27 -17530.557107] AUTODETECT spr round 1 (radius: 5)
[00:01:30 -12081.760249] AUTODETECT spr round 2 (radius: 10)
[00:01:33 -9375.139237] AUTODETECT spr round 3 (radius: 15)
[00:01:37 -9014.226062] AUTODETECT spr round 4 (radius: 20)
[00:01:42 -8875.961931] AUTODETECT spr round 5 (radius: 25)
[00:01:45 -8875.960111] SPR radius for FAST iterations: 20 (autodetect)
[00:01:45 -8875.960111] Model parameter optimization (eps = 3.000000)
[00:01:45 -8861.515390] FAST spr round 1 (radius: 20)
[00:01:49 -8242.432942] FAST spr round 2 (radius: 20)
[00:01:52 -7975.973849] FAST spr round 3 (radius: 20)
[00:01:56 -7968.415674] FAST spr round 4 (radius: 20)
[00:01:59 -7968.415652] Model parameter optimization (eps = 1.000000)
[00:01:59 -7968.229771] SLOW spr round 1 (radius: 5)
[00:02:05 -7967.087580] SLOW spr round 2 (radius: 5)
[00:02:10 -7966.614788] SLOW spr round 3 (radius: 5)
[00:02:16 -7966.614430] SLOW spr round 4 (radius: 10)
[00:02:21 -7966.614427] SLOW spr round 5 (radius: 15)
[00:02:29 -7966.614427] SLOW spr round 6 (radius: 20)
[00:02:36 -7966.614427] SLOW spr round 7 (radius: 25)
[00:02:41 -7966.614427] Model parameter optimization (eps = 0.100000)

[00:02:41] ML tree search #2, logLikelihood: -7966.614270

[00:02:41 -19867.602411] Initial branch length optimization
[00:02:41 -17668.804825] Model parameter optimization (eps = 10.000000)
[00:02:42 -17574.172255] AUTODETECT spr round 1 (radius: 5)
[00:02:45 -12330.011355] AUTODETECT spr round 2 (radius: 10)
[00:02:48 -9427.417202] AUTODETECT spr round 3 (radius: 15)
[00:02:52 -9091.888070] AUTODETECT spr round 4 (radius: 20)
[00:02:56 -9036.670019] AUTODETECT spr round 5 (radius: 25)
[00:03:00 -9036.662892] SPR radius for FAST iterations: 20 (autodetect)
[00:03:00 -9036.662892] Model parameter optimization (eps = 3.000000)
[00:03:00 -9018.818809] FAST spr round 1 (radius: 20)
[00:03:03 -8108.763590] FAST spr round 2 (radius: 20)
[00:03:07 -8076.960173] FAST spr round 3 (radius: 20)
[00:03:10 -8009.171621] FAST spr round 4 (radius: 20)
[00:03:13 -7961.643617] FAST spr round 5 (radius: 20)
[00:03:16 -7959.860079] FAST spr round 6 (radius: 20)
[00:03:19 -7958.330496] FAST spr round 7 (radius: 20)
[00:03:23 -7953.817906] FAST spr round 8 (radius: 20)
[00:03:25 -7953.817899] Model parameter optimization (eps = 1.000000)
[00:03:26 -7953.148900] SLOW spr round 1 (radius: 5)
[00:03:31 -7953.146408] SLOW spr round 2 (radius: 10)
[00:03:37 -7953.146394] SLOW spr round 3 (radius: 15)
[00:03:43 -7953.146394] SLOW spr round 4 (radius: 20)
[00:03:50 -7953.146394] SLOW spr round 5 (radius: 25)
[00:03:56 -7953.146394] Model parameter optimization (eps = 0.100000)

[00:03:56] ML tree search #3, logLikelihood: -7953.145400

[00:03:56 -19899.571166] Initial branch length optimization
[00:03:56 -17644.658504] Model parameter optimization (eps = 10.000000)
[00:03:57 -17539.998327] AUTODETECT spr round 1 (radius: 5)
[00:03:59 -11939.711557] AUTODETECT spr round 2 (radius: 10)
[00:04:02 -9185.206694] AUTODETECT spr round 3 (radius: 15)
[00:04:06 -8932.033844] AUTODETECT spr round 4 (radius: 20)
[00:04:09 -8883.036451] AUTODETECT spr round 5 (radius: 25)
[00:04:12 -8846.045229] SPR radius for FAST iterations: 25 (autodetect)
[00:04:12 -8846.045229] Model parameter optimization (eps = 3.000000)
[00:04:12 -8833.615790] FAST spr round 1 (radius: 25)
[00:04:16 -8087.440243] FAST spr round 2 (radius: 25)
[00:04:20 -7985.856608] FAST spr round 3 (radius: 25)
[00:04:23 -7979.862453] FAST spr round 4 (radius: 25)
[00:04:25 -7979.862453] Model parameter optimization (eps = 1.000000)
[00:04:25 -7979.212789] SLOW spr round 1 (radius: 5)
[00:04:31 -7979.167306] SLOW spr round 2 (radius: 10)
[00:04:36 -7979.167064] SLOW spr round 3 (radius: 15)
[00:04:42 -7978.899115] SLOW spr round 4 (radius: 5)
[00:04:49 -7978.870731] SLOW spr round 5 (radius: 10)
[00:04:55 -7977.768020] SLOW spr round 6 (radius: 5)
[00:05:01 -7976.060036] SLOW spr round 7 (radius: 5)
[00:05:07 -7975.749603] SLOW spr round 8 (radius: 5)
[00:05:12 -7975.749596] SLOW spr round 9 (radius: 10)
[00:05:16 -7975.749596] SLOW spr round 10 (radius: 15)
[00:05:22 -7975.749596] SLOW spr round 11 (radius: 20)
[00:05:28 -7970.370516] SLOW spr round 12 (radius: 5)
[00:05:36 -7965.767167] SLOW spr round 13 (radius: 5)
[00:05:41 -7965.767160] SLOW spr round 14 (radius: 10)
[00:05:46 -7965.767160] SLOW spr round 15 (radius: 15)
[00:05:52 -7965.767160] SLOW spr round 16 (radius: 20)
[00:05:58 -7965.767160] SLOW spr round 17 (radius: 25)
[00:06:04 -7965.767160] Model parameter optimization (eps = 0.100000)

[00:06:05] ML tree search #4, logLikelihood: -7965.757431

[00:06:05 -19501.505679] Initial branch length optimization
[00:06:05 -17389.433208] Model parameter optimization (eps = 10.000000)
[00:06:05 -17345.215827] AUTODETECT spr round 1 (radius: 5)
[00:06:07 -12119.807714] AUTODETECT spr round 2 (radius: 10)
[00:06:11 -9046.366305] AUTODETECT spr round 3 (radius: 15)
[00:06:14 -8715.421174] AUTODETECT spr round 4 (radius: 20)
[00:06:19 -8627.626640] AUTODETECT spr round 5 (radius: 25)
[00:06:22 -8627.604124] SPR radius for FAST iterations: 20 (autodetect)
[00:06:22 -8627.604124] Model parameter optimization (eps = 3.000000)
[00:06:22 -8618.634653] FAST spr round 1 (radius: 20)
[00:06:26 -7995.422579] FAST spr round 2 (radius: 20)
[00:06:29 -7975.694262] FAST spr round 3 (radius: 20)
[00:06:32 -7971.710314] FAST spr round 4 (radius: 20)
[00:06:35 -7970.809801] FAST spr round 5 (radius: 20)
[00:06:38 -7970.809800] Model parameter optimization (eps = 1.000000)
[00:06:38 -7970.633949] SLOW spr round 1 (radius: 5)
[00:06:43 -7967.700047] SLOW spr round 2 (radius: 5)
[00:06:48 -7967.700021] SLOW spr round 3 (radius: 10)
[00:06:53 -7964.191966] SLOW spr round 4 (radius: 5)
[00:07:00 -7962.926912] SLOW spr round 5 (radius: 5)
[00:07:05 -7962.926904] SLOW spr round 6 (radius: 10)
[00:07:10 -7958.158925] SLOW spr round 7 (radius: 5)
[00:07:16 -7957.130393] SLOW spr round 8 (radius: 5)
[00:07:22 -7957.130300] SLOW spr round 9 (radius: 10)
[00:07:27 -7955.709423] SLOW spr round 10 (radius: 5)
[00:07:33 -7954.380820] SLOW spr round 11 (radius: 5)
[00:07:39 -7954.380793] SLOW spr round 12 (radius: 10)
[00:07:43 -7954.380793] SLOW spr round 13 (radius: 15)
[00:07:49 -7954.380793] SLOW spr round 14 (radius: 20)
[00:07:56 -7954.380793] SLOW spr round 15 (radius: 25)
[00:08:02 -7954.380793] Model parameter optimization (eps = 0.100000)

[00:08:02] ML tree search #5, logLikelihood: -7954.363774

[00:08:02 -19880.571359] Initial branch length optimization
[00:08:02 -17577.808783] Model parameter optimization (eps = 10.000000)
[00:08:02 -17509.891887] AUTODETECT spr round 1 (radius: 5)
[00:08:05 -12655.218501] AUTODETECT spr round 2 (radius: 10)
[00:08:08 -9105.968827] AUTODETECT spr round 3 (radius: 15)
[00:08:12 -8574.149144] AUTODETECT spr round 4 (radius: 20)
[00:08:16 -8572.519092] AUTODETECT spr round 5 (radius: 25)
[00:08:19 -8572.513404] SPR radius for FAST iterations: 20 (autodetect)
[00:08:19 -8572.513404] Model parameter optimization (eps = 3.000000)
[00:08:19 -8563.523424] FAST spr round 1 (radius: 20)
[00:08:23 -7979.961477] FAST spr round 2 (radius: 20)
[00:08:26 -7957.624732] FAST spr round 3 (radius: 20)
[00:08:29 -7957.624674] Model parameter optimization (eps = 1.000000)
[00:08:29 -7956.990677] SLOW spr round 1 (radius: 5)
[00:08:34 -7956.386207] SLOW spr round 2 (radius: 5)
[00:08:39 -7956.385720] SLOW spr round 3 (radius: 10)
[00:08:44 -7955.560731] SLOW spr round 4 (radius: 5)
[00:08:50 -7953.948815] SLOW spr round 5 (radius: 5)
[00:08:56 -7953.948796] SLOW spr round 6 (radius: 10)
[00:09:01 -7952.700290] SLOW spr round 7 (radius: 5)
[00:09:07 -7948.851911] SLOW spr round 8 (radius: 5)
[00:09:13 -7948.851904] SLOW spr round 9 (radius: 10)
[00:09:17 -7948.851904] SLOW spr round 10 (radius: 15)
[00:09:24 -7948.851904] SLOW spr round 11 (radius: 20)
[00:09:31 -7948.851904] SLOW spr round 12 (radius: 25)
[00:09:37 -7948.851904] Model parameter optimization (eps = 0.100000)

[00:09:37] ML tree search #6, logLikelihood: -7948.818875

[00:09:37 -19821.774093] Initial branch length optimization
[00:09:37 -17615.590470] Model parameter optimization (eps = 10.000000)
[00:09:38 -17522.216260] AUTODETECT spr round 1 (radius: 5)
[00:09:40 -12693.800461] AUTODETECT spr round 2 (radius: 10)
[00:09:43 -9394.099079] AUTODETECT spr round 3 (radius: 15)
[00:09:47 -8810.669340] AUTODETECT spr round 4 (radius: 20)
[00:09:50 -8621.320560] AUTODETECT spr round 5 (radius: 25)
[00:09:54 -8615.608919] SPR radius for FAST iterations: 25 (autodetect)
[00:09:54 -8615.608919] Model parameter optimization (eps = 3.000000)
[00:09:54 -8597.861680] FAST spr round 1 (radius: 25)
[00:09:57 -8014.834446] FAST spr round 2 (radius: 25)
[00:10:01 -7975.778310] FAST spr round 3 (radius: 25)
[00:10:04 -7966.633612] FAST spr round 4 (radius: 25)
[00:10:07 -7966.632271] Model parameter optimization (eps = 1.000000)
[00:10:07 -7966.367100] SLOW spr round 1 (radius: 5)
[00:10:13 -7963.684474] SLOW spr round 2 (radius: 5)
[00:10:18 -7962.421475] SLOW spr round 3 (radius: 5)
[00:10:23 -7962.421407] SLOW spr round 4 (radius: 10)
[00:10:27 -7962.421407] SLOW spr round 5 (radius: 15)
[00:10:35 -7962.118416] SLOW spr round 6 (radius: 5)
[00:10:42 -7961.487007] SLOW spr round 7 (radius: 5)
[00:10:48 -7961.316453] SLOW spr round 8 (radius: 5)
[00:10:53 -7961.316433] SLOW spr round 9 (radius: 10)
[00:10:58 -7961.316432] SLOW spr round 10 (radius: 15)
[00:11:06 -7961.316432] SLOW spr round 11 (radius: 20)
[00:11:13 -7961.316432] SLOW spr round 12 (radius: 25)
[00:11:19 -7961.316432] Model parameter optimization (eps = 0.100000)

[00:11:19] ML tree search #7, logLikelihood: -7961.292744

[00:11:19 -19837.586093] Initial branch length optimization
[00:11:19 -17608.063046] Model parameter optimization (eps = 10.000000)
[00:11:19 -17593.300348] AUTODETECT spr round 1 (radius: 5)
[00:11:22 -12025.387036] AUTODETECT spr round 2 (radius: 10)
[00:11:25 -9041.671057] AUTODETECT spr round 3 (radius: 15)
[00:11:29 -8724.732907] AUTODETECT spr round 4 (radius: 20)
[00:11:32 -8720.963696] AUTODETECT spr round 5 (radius: 25)
[00:11:36 -8720.963533] SPR radius for FAST iterations: 20 (autodetect)
[00:11:36 -8720.963533] Model parameter optimization (eps = 3.000000)
[00:11:36 -8720.939940] FAST spr round 1 (radius: 20)
[00:11:39 -8116.398856] FAST spr round 2 (radius: 20)
[00:11:42 -7994.508656] FAST spr round 3 (radius: 20)
[00:11:45 -7977.779152] FAST spr round 4 (radius: 20)
[00:11:48 -7976.426816] FAST spr round 5 (radius: 20)
[00:11:51 -7976.425418] Model parameter optimization (eps = 1.000000)
[00:11:52 -7973.665550] SLOW spr round 1 (radius: 5)
[00:11:57 -7973.663527] SLOW spr round 2 (radius: 10)
[00:12:02 -7973.663464] SLOW spr round 3 (radius: 15)
[00:12:09 -7964.971871] SLOW spr round 4 (radius: 5)
[00:12:16 -7964.969902] SLOW spr round 5 (radius: 10)
[00:12:22 -7964.969748] SLOW spr round 6 (radius: 15)
[00:12:29 -7964.969737] SLOW spr round 7 (radius: 20)
[00:12:36 -7964.969736] SLOW spr round 8 (radius: 25)
[00:12:42 -7964.969736] Model parameter optimization (eps = 0.100000)

[00:12:42] ML tree search #8, logLikelihood: -7964.969736

[00:12:42 -19982.247777] Initial branch length optimization
[00:12:42 -17701.035214] Model parameter optimization (eps = 10.000000)
[00:12:43 -17595.616346] AUTODETECT spr round 1 (radius: 5)
[00:12:45 -12509.226414] AUTODETECT spr round 2 (radius: 10)
[00:12:49 -9376.052571] AUTODETECT spr round 3 (radius: 15)
[00:12:52 -8854.845666] AUTODETECT spr round 4 (radius: 20)
[00:12:56 -8814.086406] AUTODETECT spr round 5 (radius: 25)
[00:12:59 -8814.043088] SPR radius for FAST iterations: 20 (autodetect)
[00:12:59 -8814.043088] Model parameter optimization (eps = 3.000000)
[00:12:59 -8789.389356] FAST spr round 1 (radius: 20)
[00:13:03 -8007.948352] FAST spr round 2 (radius: 20)
[00:13:06 -7978.451289] FAST spr round 3 (radius: 20)
[00:13:09 -7963.220369] FAST spr round 4 (radius: 20)
[00:13:13 -7956.528404] FAST spr round 5 (radius: 20)
[00:13:15 -7956.528247] Model parameter optimization (eps = 1.000000)
[00:13:15 -7956.413892] SLOW spr round 1 (radius: 5)
[00:13:21 -7955.729799] SLOW spr round 2 (radius: 5)
[00:13:26 -7950.579574] SLOW spr round 3 (radius: 5)
[00:13:31 -7950.225691] SLOW spr round 4 (radius: 5)
[00:13:36 -7950.225567] SLOW spr round 5 (radius: 10)
[00:13:41 -7950.225566] SLOW spr round 6 (radius: 15)
[00:13:48 -7950.225566] SLOW spr round 7 (radius: 20)
[00:13:54 -7950.225566] SLOW spr round 8 (radius: 25)
[00:14:00 -7950.225566] Model parameter optimization (eps = 0.100000)

[00:14:00] ML tree search #9, logLikelihood: -7950.225072

[00:14:00 -19840.624497] Initial branch length optimization
[00:14:00 -17583.083683] Model parameter optimization (eps = 10.000000)
[00:14:01 -17497.699540] AUTODETECT spr round 1 (radius: 5)
[00:14:03 -11883.955352] AUTODETECT spr round 2 (radius: 10)
[00:14:07 -8661.769462] AUTODETECT spr round 3 (radius: 15)
[00:14:10 -8408.205413] AUTODETECT spr round 4 (radius: 20)
[00:14:14 -8408.148184] SPR radius for FAST iterations: 15 (autodetect)
[00:14:14 -8408.148184] Model parameter optimization (eps = 3.000000)
[00:14:14 -8395.544435] FAST spr round 1 (radius: 15)
[00:14:18 -8003.877543] FAST spr round 2 (radius: 15)
[00:14:21 -7971.984607] FAST spr round 3 (radius: 15)
[00:14:24 -7966.283856] FAST spr round 4 (radius: 15)
[00:14:27 -7966.283852] Model parameter optimization (eps = 1.000000)
[00:14:27 -7966.033445] SLOW spr round 1 (radius: 5)
[00:14:33 -7966.026448] SLOW spr round 2 (radius: 10)
[00:14:37 -7966.026426] SLOW spr round 3 (radius: 15)
[00:14:45 -7966.026426] SLOW spr round 4 (radius: 20)
[00:14:52 -7966.026426] SLOW spr round 5 (radius: 25)
[00:14:56 -7966.026426] Model parameter optimization (eps = 0.100000)

[00:14:56] ML tree search #10, logLikelihood: -7966.025917

[00:14:56 -9341.986382] Initial branch length optimization
[00:14:57 -8166.203767] Model parameter optimization (eps = 10.000000)
[00:14:57 -8165.713888] AUTODETECT spr round 1 (radius: 5)
[00:14:59 -8045.847978] AUTODETECT spr round 2 (radius: 10)
[00:15:03 -8014.667890] AUTODETECT spr round 3 (radius: 15)
[00:15:07 -8006.614689] AUTODETECT spr round 4 (radius: 20)
[00:15:10 -8006.614655] SPR radius for FAST iterations: 15 (autodetect)
[00:15:10 -8006.614655] Model parameter optimization (eps = 3.000000)
[00:15:11 -8006.588581] FAST spr round 1 (radius: 15)
[00:15:14 -7978.693701] FAST spr round 2 (radius: 15)
[00:15:17 -7971.028273] FAST spr round 3 (radius: 15)
[00:15:20 -7969.286153] FAST spr round 4 (radius: 15)
[00:15:23 -7968.658289] FAST spr round 5 (radius: 15)
[00:15:25 -7968.658285] Model parameter optimization (eps = 1.000000)
[00:15:25 -7968.599744] SLOW spr round 1 (radius: 5)
[00:15:31 -7967.646594] SLOW spr round 2 (radius: 5)
[00:15:36 -7967.322732] SLOW spr round 3 (radius: 5)
[00:15:41 -7967.322324] SLOW spr round 4 (radius: 10)
[00:15:46 -7967.322318] SLOW spr round 5 (radius: 15)
[00:15:54 -7967.322318] SLOW spr round 6 (radius: 20)
[00:16:01 -7967.322318] SLOW spr round 7 (radius: 25)
[00:16:05 -7967.322318] Model parameter optimization (eps = 0.100000)

[00:16:05] ML tree search #11, logLikelihood: -7967.321705

[00:16:05 -9266.762329] Initial branch length optimization
[00:16:05 -8129.953550] Model parameter optimization (eps = 10.000000)
[00:16:05 -8129.331305] AUTODETECT spr round 1 (radius: 5)
[00:16:08 -8014.028385] AUTODETECT spr round 2 (radius: 10)
[00:16:11 -7999.124577] AUTODETECT spr round 3 (radius: 15)
[00:16:14 -7990.840820] AUTODETECT spr round 4 (radius: 20)
[00:16:18 -7990.840137] SPR radius for FAST iterations: 15 (autodetect)
[00:16:18 -7990.840137] Model parameter optimization (eps = 3.000000)
[00:16:18 -7990.623629] FAST spr round 1 (radius: 15)
[00:16:21 -7972.973184] FAST spr round 2 (radius: 15)
[00:16:24 -7969.851108] FAST spr round 3 (radius: 15)
[00:16:27 -7969.851107] Model parameter optimization (eps = 1.000000)
[00:16:27 -7969.820620] SLOW spr round 1 (radius: 5)
[00:16:32 -7968.521573] SLOW spr round 2 (radius: 5)
[00:16:37 -7968.521191] SLOW spr round 3 (radius: 10)
[00:16:42 -7968.521190] SLOW spr round 4 (radius: 15)
[00:16:48 -7967.039856] SLOW spr round 5 (radius: 5)
[00:16:56 -7964.152734] SLOW spr round 6 (radius: 5)
[00:17:01 -7964.152355] SLOW spr round 7 (radius: 10)
[00:17:06 -7964.152353] SLOW spr round 8 (radius: 15)
[00:17:13 -7960.636230] SLOW spr round 9 (radius: 5)
[00:17:19 -7960.636091] SLOW spr round 10 (radius: 10)
[00:17:25 -7960.636091] SLOW spr round 11 (radius: 15)
[00:17:31 -7960.636091] SLOW spr round 12 (radius: 20)
[00:17:38 -7960.636091] SLOW spr round 13 (radius: 25)
[00:17:44 -7960.636091] Model parameter optimization (eps = 0.100000)

[00:17:44] ML tree search #12, logLikelihood: -7960.557270

[00:17:44 -9241.654963] Initial branch length optimization
[00:17:44 -8106.581965] Model parameter optimization (eps = 10.000000)
[00:17:44 -8105.264943] AUTODETECT spr round 1 (radius: 5)
[00:17:47 -7998.430800] AUTODETECT spr round 2 (radius: 10)
[00:17:50 -7986.890036] AUTODETECT spr round 3 (radius: 15)
[00:17:54 -7986.889619] SPR radius for FAST iterations: 10 (autodetect)
[00:17:54 -7986.889619] Model parameter optimization (eps = 3.000000)
[00:17:54 -7986.625821] FAST spr round 1 (radius: 10)
[00:17:57 -7975.213683] FAST spr round 2 (radius: 10)
[00:18:00 -7974.377529] FAST spr round 3 (radius: 10)
[00:18:02 -7972.957750] FAST spr round 4 (radius: 10)
[00:18:05 -7972.957736] Model parameter optimization (eps = 1.000000)
[00:18:05 -7972.957735] SLOW spr round 1 (radius: 5)
[00:18:11 -7971.238037] SLOW spr round 2 (radius: 5)
[00:18:16 -7971.237812] SLOW spr round 3 (radius: 10)
[00:18:20 -7969.839382] SLOW spr round 4 (radius: 5)
[00:18:27 -7966.846189] SLOW spr round 5 (radius: 5)
[00:18:32 -7966.846165] SLOW spr round 6 (radius: 10)
[00:18:37 -7966.846165] SLOW spr round 7 (radius: 15)
[00:18:44 -7965.444699] SLOW spr round 8 (radius: 5)
[00:18:51 -7963.053015] SLOW spr round 9 (radius: 5)
[00:18:56 -7956.910761] SLOW spr round 10 (radius: 5)
[00:19:02 -7956.910757] SLOW spr round 11 (radius: 10)
[00:19:06 -7956.910757] SLOW spr round 12 (radius: 15)
[00:19:13 -7956.910757] SLOW spr round 13 (radius: 20)
[00:19:20 -7956.910757] SLOW spr round 14 (radius: 25)
[00:19:26 -7956.910757] Model parameter optimization (eps = 0.100000)

[00:19:26] ML tree search #13, logLikelihood: -7956.908638

[00:19:26 -9302.501061] Initial branch length optimization
[00:19:26 -8131.330510] Model parameter optimization (eps = 10.000000)
[00:19:26 -8129.880689] AUTODETECT spr round 1 (radius: 5)
[00:19:28 -8004.435371] AUTODETECT spr round 2 (radius: 10)
[00:19:32 -7993.112916] AUTODETECT spr round 3 (radius: 15)
[00:19:36 -7993.107875] SPR radius for FAST iterations: 10 (autodetect)
[00:19:36 -7993.107875] Model parameter optimization (eps = 3.000000)
[00:19:36 -7993.089554] FAST spr round 1 (radius: 10)
[00:19:39 -7973.787938] FAST spr round 2 (radius: 10)
[00:19:42 -7967.907383] FAST spr round 3 (radius: 10)
[00:19:45 -7964.841553] FAST spr round 4 (radius: 10)
[00:19:48 -7959.078190] FAST spr round 5 (radius: 10)
[00:19:51 -7955.727444] FAST spr round 6 (radius: 10)
[00:19:53 -7955.727241] Model parameter optimization (eps = 1.000000)
[00:19:54 -7955.726264] SLOW spr round 1 (radius: 5)
[00:19:59 -7955.116240] SLOW spr round 2 (radius: 5)
[00:20:04 -7955.115573] SLOW spr round 3 (radius: 10)
[00:20:09 -7955.115564] SLOW spr round 4 (radius: 15)
[00:20:16 -7955.115564] SLOW spr round 5 (radius: 20)
[00:20:22 -7955.115564] SLOW spr round 6 (radius: 25)
[00:20:28 -7955.115564] Model parameter optimization (eps = 0.100000)

[00:20:28] ML tree search #14, logLikelihood: -7955.114901

[00:20:28 -9290.529735] Initial branch length optimization
[00:20:28 -8124.201378] Model parameter optimization (eps = 10.000000)
[00:20:29 -8122.918730] AUTODETECT spr round 1 (radius: 5)
[00:20:31 -8002.761343] AUTODETECT spr round 2 (radius: 10)
[00:20:34 -7994.063390] AUTODETECT spr round 3 (radius: 15)
[00:20:38 -7994.061454] SPR radius for FAST iterations: 10 (autodetect)
[00:20:38 -7994.061454] Model parameter optimization (eps = 3.000000)
[00:20:38 -7993.770505] FAST spr round 1 (radius: 10)
[00:20:42 -7967.170703] FAST spr round 2 (radius: 10)
[00:20:44 -7964.218366] FAST spr round 3 (radius: 10)
[00:20:47 -7964.218343] Model parameter optimization (eps = 1.000000)
[00:20:47 -7964.205329] SLOW spr round 1 (radius: 5)
[00:20:52 -7958.266119] SLOW spr round 2 (radius: 5)
[00:20:57 -7956.761556] SLOW spr round 3 (radius: 5)
[00:21:02 -7956.760647] SLOW spr round 4 (radius: 10)
[00:21:07 -7956.760631] SLOW spr round 5 (radius: 15)
[00:21:13 -7956.760631] SLOW spr round 6 (radius: 20)
[00:21:20 -7956.760631] SLOW spr round 7 (radius: 25)
[00:21:26 -7956.760631] Model parameter optimization (eps = 0.100000)

[00:21:26] ML tree search #15, logLikelihood: -7956.753227

[00:21:26 -9362.790246] Initial branch length optimization
[00:21:26 -8150.027498] Model parameter optimization (eps = 10.000000)
[00:21:27 -8148.551885] AUTODETECT spr round 1 (radius: 5)
[00:21:29 -8036.323186] AUTODETECT spr round 2 (radius: 10)
[00:21:32 -8019.349070] AUTODETECT spr round 3 (radius: 15)
[00:21:36 -8010.722449] AUTODETECT spr round 4 (radius: 20)
[00:21:40 -8010.695747] SPR radius for FAST iterations: 15 (autodetect)
[00:21:40 -8010.695747] Model parameter optimization (eps = 3.000000)
[00:21:40 -8010.659404] FAST spr round 1 (radius: 15)
[00:21:43 -7979.960685] FAST spr round 2 (radius: 15)
[00:21:46 -7968.919360] FAST spr round 3 (radius: 15)
[00:21:49 -7965.199939] FAST spr round 4 (radius: 15)
[00:21:52 -7965.199704] Model parameter optimization (eps = 1.000000)
[00:21:52 -7965.196192] SLOW spr round 1 (radius: 5)
[00:21:57 -7965.196127] SLOW spr round 2 (radius: 10)
[00:22:01 -7965.196127] SLOW spr round 3 (radius: 15)
[00:22:08 -7965.196127] SLOW spr round 4 (radius: 20)
[00:22:14 -7965.196127] SLOW spr round 5 (radius: 25)
[00:22:21 -7965.196127] Model parameter optimization (eps = 0.100000)

[00:22:21] ML tree search #16, logLikelihood: -7965.196127

[00:22:21 -9212.735785] Initial branch length optimization
[00:22:21 -8083.264666] Model parameter optimization (eps = 10.000000)
[00:22:21 -8082.300351] AUTODETECT spr round 1 (radius: 5)
[00:22:23 -7984.228651] AUTODETECT spr round 2 (radius: 10)
[00:22:27 -7975.852501] AUTODETECT spr round 3 (radius: 15)
[00:22:31 -7975.851657] SPR radius for FAST iterations: 10 (autodetect)
[00:22:31 -7975.851657] Model parameter optimization (eps = 3.000000)
[00:22:32 -7975.606006] FAST spr round 1 (radius: 10)
[00:22:34 -7961.693117] FAST spr round 2 (radius: 10)
[00:22:37 -7961.692796] Model parameter optimization (eps = 1.000000)
[00:22:37 -7961.691301] SLOW spr round 1 (radius: 5)
[00:22:42 -7958.752963] SLOW spr round 2 (radius: 5)
[00:22:47 -7957.900255] SLOW spr round 3 (radius: 5)
[00:22:52 -7957.899843] SLOW spr round 4 (radius: 10)
[00:22:57 -7957.899841] SLOW spr round 5 (radius: 15)
[00:23:04 -7957.899841] SLOW spr round 6 (radius: 20)
[00:23:12 -7957.899841] SLOW spr round 7 (radius: 25)
[00:23:16 -7957.899841] Model parameter optimization (eps = 0.100000)

[00:23:16] ML tree search #17, logLikelihood: -7957.897845

[00:23:16 -9271.140632] Initial branch length optimization
[00:23:17 -8113.332769] Model parameter optimization (eps = 10.000000)
[00:23:17 -8112.198702] AUTODETECT spr round 1 (radius: 5)
[00:23:19 -7998.942054] AUTODETECT spr round 2 (radius: 10)
[00:23:22 -7993.367024] AUTODETECT spr round 3 (radius: 15)
[00:23:26 -7993.364405] SPR radius for FAST iterations: 10 (autodetect)
[00:23:26 -7993.364405] Model parameter optimization (eps = 3.000000)
[00:23:26 -7993.332276] FAST spr round 1 (radius: 10)
[00:23:29 -7977.720452] FAST spr round 2 (radius: 10)
[00:23:32 -7971.002056] FAST spr round 3 (radius: 10)
[00:23:35 -7968.287692] FAST spr round 4 (radius: 10)
[00:23:38 -7968.287461] Model parameter optimization (eps = 1.000000)
[00:23:38 -7968.205530] SLOW spr round 1 (radius: 5)
[00:23:44 -7966.925649] SLOW spr round 2 (radius: 5)
[00:23:49 -7966.925016] SLOW spr round 3 (radius: 10)
[00:23:54 -7965.827553] SLOW spr round 4 (radius: 5)
[00:24:00 -7965.717021] SLOW spr round 5 (radius: 5)
[00:24:06 -7965.716200] SLOW spr round 6 (radius: 10)
[00:24:11 -7964.080622] SLOW spr round 7 (radius: 5)
[00:24:18 -7957.877132] SLOW spr round 8 (radius: 5)
[00:24:23 -7957.877105] SLOW spr round 9 (radius: 10)
[00:24:28 -7957.877105] SLOW spr round 10 (radius: 15)
[00:24:34 -7957.877105] SLOW spr round 11 (radius: 20)
[00:24:41 -7957.877105] SLOW spr round 12 (radius: 25)
[00:24:47 -7957.877105] Model parameter optimization (eps = 0.100000)

[00:24:47] ML tree search #18, logLikelihood: -7957.864078

[00:24:47 -9204.913460] Initial branch length optimization
[00:24:47 -8067.009723] Model parameter optimization (eps = 10.000000)
[00:24:47 -8066.863125] AUTODETECT spr round 1 (radius: 5)
[00:24:49 -7981.569459] AUTODETECT spr round 2 (radius: 10)
[00:24:52 -7978.961368] AUTODETECT spr round 3 (radius: 15)
[00:24:56 -7974.118942] AUTODETECT spr round 4 (radius: 20)
[00:25:00 -7974.118390] SPR radius for FAST iterations: 15 (autodetect)
[00:25:00 -7974.118390] Model parameter optimization (eps = 3.000000)
[00:25:00 -7974.113551] FAST spr round 1 (radius: 15)
[00:25:03 -7968.157933] FAST spr round 2 (radius: 15)
[00:25:05 -7967.763669] FAST spr round 3 (radius: 15)
[00:25:08 -7961.025414] FAST spr round 4 (radius: 15)
[00:25:11 -7958.109795] FAST spr round 5 (radius: 15)
[00:25:14 -7958.109065] Model parameter optimization (eps = 1.000000)
[00:25:14 -7958.108966] SLOW spr round 1 (radius: 5)
[00:25:19 -7956.469583] SLOW spr round 2 (radius: 5)
[00:25:24 -7956.469568] SLOW spr round 3 (radius: 10)
[00:25:29 -7956.469568] SLOW spr round 4 (radius: 15)
[00:25:35 -7956.469568] SLOW spr round 5 (radius: 20)
[00:25:42 -7956.469568] SLOW spr round 6 (radius: 25)
[00:25:48 -7956.469568] Model parameter optimization (eps = 0.100000)

[00:25:48] ML tree search #19, logLikelihood: -7956.460009

[00:25:48 -9257.390479] Initial branch length optimization
[00:25:48 -8123.794109] Model parameter optimization (eps = 10.000000)
[00:25:48 -8123.659931] AUTODETECT spr round 1 (radius: 5)
[00:25:50 -8007.882947] AUTODETECT spr round 2 (radius: 10)
[00:25:54 -7995.325673] AUTODETECT spr round 3 (radius: 15)
[00:25:57 -7995.324507] SPR radius for FAST iterations: 10 (autodetect)
[00:25:57 -7995.324507] Model parameter optimization (eps = 3.000000)
[00:25:57 -7995.272589] FAST spr round 1 (radius: 10)
[00:26:01 -7970.387906] FAST spr round 2 (radius: 10)
[00:26:03 -7967.508296] FAST spr round 3 (radius: 10)
[00:26:06 -7963.172280] FAST spr round 4 (radius: 10)
[00:26:09 -7961.458644] FAST spr round 5 (radius: 10)
[00:26:12 -7961.458562] Model parameter optimization (eps = 1.000000)
[00:26:12 -7961.363480] SLOW spr round 1 (radius: 5)
[00:26:17 -7961.175890] SLOW spr round 2 (radius: 5)
[00:26:22 -7961.175012] SLOW spr round 3 (radius: 10)
[00:26:27 -7961.175009] SLOW spr round 4 (radius: 15)
[00:26:33 -7961.175009] SLOW spr round 5 (radius: 20)
[00:26:41 -7961.175009] SLOW spr round 6 (radius: 25)
[00:26:46 -7961.175009] Model parameter optimization (eps = 0.100000)

[00:26:46] ML tree search #20, logLikelihood: -7961.174995


Optimized model parameters:

   Partition 0: noname
   Rate heterogeneity: GAMMA (4 cats, mean),  alpha: 1.002314 (ML),  weights&rates: (0.250000,0.137415) (0.250000,0.477446) (0.250000,1.000382) (0.250000,2.384756) 
   Base frequencies (model): 
M0: 0.082276 0.055172 0.043853 0.053484 0.018957 0.028152 0.046679 0.157817 0.033297 0.028284 0.054284 0.025275 0.023665 0.041874 0.063071 0.066501 0.065424 0.023837 0.038633 0.049465 
M1: 0.120900 0.036460 0.026510 0.040410 0.015980 0.021132 0.025191 0.036369 0.015884 0.111029 0.162852 0.024820 0.028023 0.074058 0.012065 0.041963 0.039072 0.012666 0.040478 0.114137 
M2: 0.072639 0.051691 0.038642 0.055580 0.009829 0.031374 0.048731 0.065283 0.023791 0.086640 0.120847 0.052177 0.026728 0.032589 0.039238 0.046748 0.053361 0.008024 0.037426 0.098662 
M3: 0.104843 0.078835 0.043513 0.090498 0.002924 0.066163 0.151640 0.038843 0.022556 0.018383 0.038687 0.104462 0.010166 0.009089 0.066950 0.053667 0.049486 0.004409 0.012924 0.031963 
   Substitution rates (model): 
M 0: 0.269343 0.254611 0.236821 2.506544 0.359080 0.304673 1.692013 0.251974 1.085219 0.676352 0.179154 1.636815 0.235498 1.265604 5.368399 1.539392 0.140944 0.199836 9.435519 0.150988 0.031863 0.938593 0.348287 0.156000 0.286638 0.921632 0.325624 0.602365 0.971337 0.515216 0.123932 0.040163 0.470952 0.326788 0.375611 0.146857 0.285934 0.659647 0.975735 0.697707 0.377703 0.565094 1.267608 0.818658 0.217027 1.343717 0.670461 0.099793 0.173354 5.267134 1.688167 0.025163 0.806274 0.395670 0.175533 0.086573 0.449140 0.380357 0.309691 0.037813 0.007533 0.133743 0.071252 0.030425 0.027578 0.780504 0.283737 0.002757 0.234246 0.130890 0.095967 0.064706 0.617945 0.390428 1.144149 1.595773 0.122468 1.534846 0.897278 0.259961 4.986066 1.389281 0.801455 1.436968 6.097256 4.342590 0.202058 2.344056 0.534566 0.671142 0.983856 5.288636 0.112229 0.580373 0.890553 0.329820 0.257253 0.319669 0.516258 0.264341 0.217750 0.222793 0.158424 0.994127 0.255628 0.022529 0.088041 0.377948 0.231770 0.103678 0.010076 0.503664 0.104842 0.062682 0.070462 0.220915 0.094198 0.047488 0.145595 1.755513 0.117017 0.132995 0.036858 0.222960 0.567431 0.764254 0.410580 0.257229 0.762913 0.143676 0.786351 0.449976 0.345834 3.503313 0.149143 8.226519 0.387486 25.667130 1.344258 0.298859 0.527245 3.531596 0.377155 0.598631 13.666160 0.181110 6.819682 0.865690 1.020116 0.667782 0.721585 0.839646 0.738968 2.988171 1.591210 0.038921 0.000714 0.659947 0.497588 0.176969 0.154436 0.162725 2.030831 0.190019 0.731920 2.691694 0.505681 0.578999 5.973820 0.093964 0.837668 0.152088 1.670168 4.245519 0.843415 1.355629 0.698039 0.091298 0.074524 0.597393 16.321280 0.210095 0.454195 0.701148 0.013165 0.232913 4.679997 1.178489 0.300085 0.416262 
M 1: 0.133719 0.337211 0.110918 3.993449 0.412074 0.435294 7.837519 0.203872 0.039718 0.075783 0.177662 0.420783 0.071268 0.959125 11.721480 2.847060 0.030203 0.067183 0.679396 0.749050 0.105087 0.188304 2.585767 0.198277 0.164606 2.130328 0.024553 0.080091 10.373680 0.192765 0.019652 1.496581 0.359407 0.218462 0.387291 0.130100 0.041567 4.773474 1.590328 1.906879 0.296365 0.431723 9.374454 0.135254 0.084971 1.036718 0.329544 0.088753 0.377793 2.399152 1.855381 0.118877 0.348729 0.092407 0.304941 0.438366 7.470313 0.153849 1.080875 0.014979 0.014128 0.038303 0.008331 0.013547 0.332009 0.219464 0.109808 0.067287 0.061798 0.023701 0.242075 0.008443 1.799711 0.152457 0.147498 0.308346 0.043030 0.883140 0.566607 0.318192 9.104168 4.347036 0.190240 0.301198 1.271184 3.295506 0.269744 12.299100 0.033964 0.500835 2.181027 1.403320 0.071878 1.386966 0.767561 0.765845 0.122113 0.095382 0.115566 0.242865 0.279589 0.005585 0.022833 0.321164 0.168673 0.020050 0.915901 0.235229 0.164569 0.007023 0.095764 0.055277 0.089714 0.007248 0.022999 0.103050 0.160728 0.041021 0.224254 3.621209 0.312023 0.137410 0.044628 0.086988 0.022746 0.161270 0.459501 0.612572 0.625360 2.611472 0.971952 0.231569 0.585139 2.107378 0.060779 1.511678 0.021215 1.520885 0.382805 0.029351 0.033780 0.356326 0.020634 0.046105 8.235145 0.078394 7.763245 1.763054 0.068250 0.043035 0.159596 0.228824 0.100117 0.609419 0.307903 0.044644 1.542352 0.236928 0.403209 0.000122 0.017073 0.061764 1.551907 0.047525 0.319963 1.135159 0.474861 0.192382 0.581960 0.182715 0.124977 0.106902 3.135120 8.367619 0.184187 0.840649 0.269190 0.030313 0.000937 0.080246 9.816455 0.093830 0.137416 0.098032 0.119152 0.044722 1.438346 4.179771 0.023439 0.039124 
M 2: 0.421016 0.316235 0.285984 4.034027 0.886971 0.760524 0.754102 0.571421 0.162152 0.308005 0.390160 1.042297 0.362476 1.755489 3.975056 2.565076 0.283630 0.242513 2.795815 0.693339 0.059926 1.357706 2.791619 0.233051 0.402894 2.319451 0.085228 0.287051 7.663201 0.364551 0.073439 0.087050 0.893397 0.534056 0.497926 0.199156 0.107130 6.158213 0.708087 1.701828 0.378723 2.227441 5.579967 0.095692 0.056994 1.663639 0.293222 0.129245 0.099325 5.496308 2.143991 0.075453 0.472206 0.060909 0.063669 0.484346 4.032663 1.102688 0.885375 0.006129 0.007102 0.105129 0.037983 0.020078 0.163817 1.397312 0.411388 0.043794 0.085937 0.029724 0.414286 0.081977 0.416576 1.439274 0.490936 0.958987 0.135029 1.486518 1.992481 0.242851 3.575116 2.279082 1.335321 2.039785 2.986423 4.940406 0.459376 4.101975 0.104843 0.578990 3.364471 1.681750 0.114549 0.322939 1.385296 0.893005 0.308605 0.262751 0.197267 0.508408 0.576744 0.045513 0.067119 0.652618 0.192414 0.023272 0.062943 0.576191 0.528208 0.140137 0.084578 0.196977 0.428799 0.004705 0.024403 0.457701 0.070498 0.064490 0.198698 1.733286 0.135731 0.150797 0.032247 0.044327 0.098934 0.342983 0.823673 0.222626 1.491792 0.192904 1.021254 0.518740 1.409725 7.762318 0.116751 3.805524 0.129857 4.529618 1.113436 0.062948 0.065131 0.972661 0.119868 0.153965 7.144304 0.145629 4.781725 2.132004 0.180283 0.129114 0.280700 0.818330 0.299827 1.848620 0.665307 0.041677 0.059655 0.600307 0.890085 0.080591 0.117255 0.118019 1.928652 0.129323 0.387275 1.828753 1.066016 0.438214 1.999694 0.065778 0.446001 0.189028 3.754683 14.506220 0.705746 1.298492 0.563778 0.073414 0.089180 0.272763 7.788139 0.435046 0.352766 0.096935 0.197272 0.215417 1.820980 5.054240 0.217006 0.172975 
M 3: 0.576161 0.567608 0.824360 0.822726 1.254240 1.218617 1.803446 0.516863 0.180898 0.452099 0.664187 0.864417 0.324479 1.073045 3.837569 2.106030 0.163721 0.241167 1.824589 0.498644 0.050698 4.529244 2.169813 0.154502 0.604674 2.874270 0.444587 0.866324 2.902892 0.835051 0.208948 0.173827 0.884344 0.750018 0.818104 0.302440 0.435795 3.301407 1.291810 1.427983 0.411472 2.125500 4.845778 0.550970 0.201034 2.101975 0.632650 0.280340 0.041985 4.571920 2.323329 0.072322 1.055097 0.179086 0.101930 0.449474 3.172283 1.276386 0.719674 0.023542 0.026731 0.127989 0.079201 0.041683 0.270336 0.942752 0.335916 0.068275 0.246940 0.091739 0.868681 0.050239 1.598682 3.825684 2.349577 2.813995 0.200218 2.105935 4.788486 0.121300 6.592840 1.654676 3.305442 9.741961 3.609577 2.138665 0.502654 4.040283 0.370160 1.645181 2.505938 1.633547 0.107022 0.351385 1.080065 1.194019 0.373791 0.249895 0.649508 0.479491 0.292773 0.142187 0.135556 0.759510 0.216462 0.067711 0.228565 0.465397 0.617232 0.054323 0.129973 0.656683 0.596644 0.016619 0.072153 0.333569 0.252420 0.171320 0.225318 3.137620 0.318672 0.476588 0.052363 0.225234 0.500789 1.168819 0.623101 0.665408 3.324785 0.376090 1.119669 0.801031 1.100362 11.542520 0.473438 5.696127 0.547455 7.994120 2.965334 0.058027 0.362517 4.455850 0.392947 1.047451 19.897290 0.363656 11.751200 5.133853 0.390355 0.602356 0.580192 1.703326 1.319670 3.002001 1.096844 0.084856 0.214230 0.716941 1.384213 0.085720 0.139770 0.452927 4.042599 0.058954 0.506797 3.522475 1.725519 1.330228 3.929605 0.126300 1.444487 0.473129 5.436263 26.562320 1.692162 1.432561 0.432719 0.053108 0.046986 0.370205 5.716311 0.498595 0.737654 0.373502 0.231833 0.313460 3.329828 5.165108 0.326594 0.860745 


Final LogLikelihood: -7948.818875

AIC score: 16637.637749 / AICc score: 291177.637749 / BIC score: 17744.097806
Free parameters (model + branch lengths): 370

WARNING: Number of free parameters (K=370) is larger than alignment size (n=147).
         This might lead to overfitting and compromise tree inference results!


Best ML tree saved to: /cta/users/eakkoyun/WORKFOLDER/phylogeny-workflow/results/P68871/3_mltree/P68871.raxml.bestTree
All ML trees saved to: /cta/users/eakkoyun/WORKFOLDER/phylogeny-workflow/results/P68871/3_mltree/P68871.raxml.mlTrees
Optimized model saved to: /cta/users/eakkoyun/WORKFOLDER/phylogeny-workflow/results/P68871/3_mltree/P68871.raxml.bestModel

Execution log saved to: /cta/users/eakkoyun/WORKFOLDER/phylogeny-workflow/results/P68871/3_mltree/P68871.raxml.log

Analysis started: 12-Jan-2021 17:28:12 / finished: 12-Jan-2021 17:54:59

Elapsed time: 1606.531 seconds

