Building DAG of jobs...
Using shell: /bin/bash
Provided cores: 12
Rules claiming more threads will be scaled down.
Job counts:
	count	jobs
	1	ml_tree
	1

[Tue Jan 12 17:32:08 2021]
rule ml_tree:
    input: /cta/users/eakkoyun/WORKFOLDER/phylogeny-workflow/results/P22033/2_msa/P22033_trimmed_msa.fasta
    output: /cta/users/eakkoyun/WORKFOLDER/phylogeny-workflow/results/P22033/3_mltree/P22033.raxml.bestTree, /cta/users/eakkoyun/WORKFOLDER/phylogeny-workflow/results/P22033/3_mltree/P22033.raxml.log, /cta/users/eakkoyun/WORKFOLDER/phylogeny-workflow/results/P22033/3_mltree/P22033.raxml.bestModel, /cta/users/eakkoyun/WORKFOLDER/phylogeny-workflow/results/P22033/3_mltree/P22033.raxml.mlTrees, /cta/users/eakkoyun/WORKFOLDER/phylogeny-workflow/results/P22033/3_mltree/P22033.raxml.rba, /cta/users/eakkoyun/WORKFOLDER/phylogeny-workflow/results/P22033/3_mltree/P22033.raxml.startTree
    jobid: 0
    benchmark: /cta/users/eakkoyun/WORKFOLDER/phylogeny-workflow/workflow/logs/benchmarks/P22033_ml_tree.out
    wildcards: output_folder=/cta/users/eakkoyun/WORKFOLDER/phylogeny-workflow, msa_name=P22033
    resources: cpus=12, mem_mb=8192, time_min=7200

Activating conda environment: /cta/users/eakkoyun/WORKFOLDER/phylogeny-workflow/workflow/.snakemake/conda/62a10dff
[Tue Jan 12 18:07:26 2021]
Finished job 0.
1 of 1 steps (100%) done
