Building DAG of jobs...
Using shell: /bin/bash
Provided cores: 2
Rules claiming more threads will be scaled down.
Job counts:
	count	jobs
	1	msa
	1

[Tue Jan 12 17:28:38 2021]
rule msa:
    input: /cta/users/eakkoyun/WORKFOLDER/phylogeny-workflow/results/P01008/1_blastp/P01008_blasthits_new_header.fasta
    output: /cta/users/eakkoyun/WORKFOLDER/phylogeny-workflow/results/P01008/2_msa/P01008_blasthits_new_header_msa.fasta
    log: /cta/users/eakkoyun/WORKFOLDER/phylogeny-workflow/workflow/logs/rules/P01008_msa.err
    jobid: 0
    benchmark: /cta/users/eakkoyun/WORKFOLDER/phylogeny-workflow/workflow/logs/benchmarks/P01008_msa.out
    wildcards: output_folder=/cta/users/eakkoyun/WORKFOLDER/phylogeny-workflow, msa_name=P01008
    resources: cpus=2, mem_mb=8192, time_min=1200

Activating conda environment: /cta/users/eakkoyun/WORKFOLDER/phylogeny-workflow/workflow/.snakemake/conda/82f6a8e7
[Tue Jan 12 17:31:02 2021]
Finished job 0.
1 of 1 steps (100%) done
