Building DAG of jobs...
Using shell: /bin/bash
Provided cores: 2
Rules claiming more threads will be scaled down.
Job counts:
	count	jobs
	1	remove_gaps
	1

[Tue Jan 12 17:31:38 2021]
rule remove_gaps:
    input: /cta/users/eakkoyun/WORKFOLDER/phylogeny-workflow/resources/msa_files/P22033.fasta, /cta/users/eakkoyun/WORKFOLDER/phylogeny-workflow/results/P22033/2_msa/P22033_blasthits_new_header_msa.fasta
    output: /cta/users/eakkoyun/WORKFOLDER/phylogeny-workflow/results/P22033/2_msa/P22033_nogap_msa.fasta
    log: /cta/users/eakkoyun/WORKFOLDER/phylogeny-workflow/logs/P22033_remove_gaps.err
    jobid: 0
    benchmark: /cta/users/eakkoyun/WORKFOLDER/phylogeny-workflow/workflow/logs/benchmarks/P22033_remove_gaps.out
    wildcards: output_folder=/cta/users/eakkoyun/WORKFOLDER/phylogeny-workflow, msa_name=P22033
    resources: cpus=2, mem_mb=8192, time_min=1200

Activating conda environment: /cta/users/eakkoyun/WORKFOLDER/phylogeny-workflow/workflow/.snakemake/conda/28ebb6b5
[Tue Jan 12 17:31:46 2021]
Finished job 0.
1 of 1 steps (100%) done
