Building DAG of jobs...
Using shell: /bin/bash
Provided cores: 2
Rules claiming more threads will be scaled down.
Job counts:
	count	jobs
	1	remove_gaps
	1

[Tue Jan 12 17:31:38 2021]
rule remove_gaps:
    input: /cta/users/eakkoyun/WORKFOLDER/phylogeny-workflow/resources/msa_files/P01008.fasta, /cta/users/eakkoyun/WORKFOLDER/phylogeny-workflow/results/P01008/2_msa/P01008_blasthits_new_header_msa.fasta
    output: /cta/users/eakkoyun/WORKFOLDER/phylogeny-workflow/results/P01008/2_msa/P01008_nogap_msa.fasta
    log: /cta/users/eakkoyun/WORKFOLDER/phylogeny-workflow/logs/P01008_remove_gaps.err
    jobid: 0
    benchmark: /cta/users/eakkoyun/WORKFOLDER/phylogeny-workflow/workflow/logs/benchmarks/P01008_remove_gaps.out
    wildcards: output_folder=/cta/users/eakkoyun/WORKFOLDER/phylogeny-workflow, msa_name=P01008
    resources: cpus=2, mem_mb=8192, time_min=1200

Activating conda environment: /cta/users/eakkoyun/WORKFOLDER/phylogeny-workflow/workflow/.snakemake/conda/28ebb6b5
[Tue Jan 12 17:31:49 2021]
Finished job 0.
1 of 1 steps (100%) done
