Building DAG of jobs...
Using shell: /bin/bash
Provided cores: 2
Rules claiming more threads will be scaled down.
Job counts:
	count	jobs
	1	run_codeml
	1

[Tue Jan 12 22:11:37 2021]
rule run_codeml:
    input: /cta/users/eakkoyun/WORKFOLDER/phylogeny-workflow/results/P68871/2_msa/P68871_nogap_msa.fasta, /cta/users/eakkoyun/WORKFOLDER/phylogeny-workflow/results/P68871/3_mltree/P68871.raxml.bestTree_unrooted
    output: /cta/users/eakkoyun/WORKFOLDER/phylogeny-workflow/results/P68871/4_codeml/P68871_codeml
    log: /cta/users/eakkoyun/WORKFOLDER/phylogeny-workflow/workflow/logs/rules/P68871_run_codeml.err
    jobid: 0
    benchmark: /cta/users/eakkoyun/WORKFOLDER/phylogeny-workflow/workflow/logs/benchmarks/P68871_run_codeml.out
    wildcards: output_folder=/cta/users/eakkoyun/WORKFOLDER/phylogeny-workflow, msa_name=P68871
    resources: cpus=2, mem_mb=8192, time_min=1200, time=1200

Activating conda environment: /cta/users/eakkoyun/WORKFOLDER/phylogeny-workflow/workflow/.snakemake/conda/1f0fc2a5
[Tue Jan 12 22:13:00 2021]
Finished job 0.
1 of 1 steps (100%) done
