Building DAG of jobs...
Using shell: /bin/bash
Provided cores: 2
Rules claiming more threads will be scaled down.
Job counts:
	count	jobs
	1	trim_msa
	1

[Tue Jan 12 17:31:38 2021]
rule trim_msa:
    input: /cta/users/eakkoyun/WORKFOLDER/phylogeny-workflow/results/P22033/2_msa/P22033_blasthits_new_header_msa.fasta
    output: /cta/users/eakkoyun/WORKFOLDER/phylogeny-workflow/results/P22033/2_msa/P22033_trimmed_msa.fasta
    log: /cta/users/eakkoyun/WORKFOLDER/phylogeny-workflow/workflow/logs/rules/P22033_trim_msa.err
    jobid: 0
    benchmark: /cta/users/eakkoyun/WORKFOLDER/phylogeny-workflow/workflow/logs/benchmarks/P22033_trim_msa.out
    wildcards: output_folder=/cta/users/eakkoyun/WORKFOLDER/phylogeny-workflow, msa_name=P22033
    resources: cpus=2, mem_mb=8192, time_min=1200

Activating conda environment: /cta/users/eakkoyun/WORKFOLDER/phylogeny-workflow/workflow/.snakemake/conda/dd5109b5
[Tue Jan 12 17:31:43 2021]
Finished job 0.
1 of 1 steps (100%) done
