Building DAG of jobs...
Using shell: /bin/bash
Provided cores: 2
Rules claiming more threads will be scaled down.
Job counts:
	count	jobs
	1	unroot_tree
	1

[Tue Jan 12 17:55:08 2021]
rule unroot_tree:
    input: /cta/users/eakkoyun/WORKFOLDER/phylogeny-workflow/results/P68871/3_mltree/P68871.raxml.bestTree
    output: /cta/users/eakkoyun/WORKFOLDER/phylogeny-workflow/results/P68871/3_mltree/P68871.raxml.bestTree_unrooted
    log: /cta/users/eakkoyun/WORKFOLDER/phylogeny-workflow/workflow/logs/rules/P68871_unroot_tree.err
    jobid: 0
    benchmark: /cta/users/eakkoyun/WORKFOLDER/phylogeny-workflow/workflow/logs/benchmarks/P68871_unroot_tree.out
    wildcards: output_folder=/cta/users/eakkoyun/WORKFOLDER/phylogeny-workflow, msa_name=P68871
    resources: cpus=2, mem_mb=8192, time_min=1200

Activating conda environment: /cta/users/eakkoyun/WORKFOLDER/phylogeny-workflow/workflow/.snakemake/conda/17731746
[Tue Jan 12 17:55:14 2021]
Finished job 0.
1 of 1 steps (100%) done
